Build started 06-Mar-16 5:08:01 PM.
     1>Project "C:\Users\Adam\Documents\Uni\Software Programming\Assignment 2\Game\Game\Game.vcxproj" on node 2 (Build target(s)).
     1>ClCompile:
         C:\Program Files (x86)\Microsoft Visual Studio 11.0\VC\bin\CL.exe /c /Zi /nologo /W3 /WX- /O2 /Oi /Oy- /GL /D _MBCS /Gm- /EHsc /MD /GS /Gy /fp:precise /Zc:wchar_t /Zc:forScope /Fo"Release\\" /Fd"Release\vc110.pdb" /Gd /TP /analyze- /errorReport:prompt AllegroInit.cpp Animals.cpp Game.cpp Main.cpp Medals.cpp Menu.cpp Player.cpp
         AllegroInit.cpp
         Animals.cpp
         Game.cpp
     1>Game.cpp(151): warning C4996: '_sleep': This function or variable has been superceded by newer library or operating system functionality. Consider using Sleep instead. See online help for details.
                 C:\Program Files (x86)\Microsoft Visual Studio 11.0\VC\include\stdlib.h(881) : see declaration of '_sleep'
         Main.cpp
         Medals.cpp
         Menu.cpp
         Player.cpp
       Link:
         C:\Program Files (x86)\Microsoft Visual Studio 11.0\VC\bin\link.exe /ERRORREPORT:PROMPT /OUT:"C:\Users\Adam\Documents\Uni\Software Programming\Assignment 2\Game\Release\Game.exe" /NOLOGO alleg.lib kernel32.lib user32.lib gdi32.lib winspool.lib comdlg32.lib advapi32.lib shell32.lib ole32.lib oleaut32.lib uuid.lib odbc32.lib odbccp32.lib /MANIFEST /MANIFESTUAC:"level='asInvoker' uiAccess='false'" /manifest:embed /DEBUG /PDB:"C:\Users\Adam\Documents\Uni\Software Programming\Assignment 2\Game\Release\Game.pdb" /OPT:REF /OPT:ICF /LTCG /TLBID:1 /DYNAMICBASE /NXCOMPAT /IMPLIB:"C:\Users\Adam\Documents\Uni\Software Programming\Assignment 2\Game\Release\Game.lib" /MACHINE:X86 /SAFESEH Release\AllegroInit.obj
         Release\Animals.obj
         Release\Game.obj
         Release\Main.obj
         Release\Medals.obj
         Release\Menu.obj
         Release\Player.obj
         Generating code
         Finished generating code
         Game.vcxproj -> C:\Users\Adam\Documents\Uni\Software Programming\Assignment 2\Game\Release\Game.exe
     1>Done Building Project "C:\Users\Adam\Documents\Uni\Software Programming\Assignment 2\Game\Game\Game.vcxproj" (Build target(s)).

Build succeeded.

Time Elapsed 00:00:03.68
